{
  "RSpec": {
    "coverage": {
      "/Users/joezhou/one_maths/spec/non_js_tests/features/questions_feature_spec.rb": [
        1,
        1,
        null,
        1,
        30,
        30,
        30,
        30,
        30,
        30,
        30,
        30,
        30,
        30,
        30,
        30,
        30,
        30,
        30,
        null,
        30,
        30,
        30,
        30,
        30,
        null,
        30,
        30,
        30,
        30,
        30,
        30,
        30,
        30,
        30,
        30,
        30,
        30,
        null,
        30,
        30,
        30,
        30,
        null,
        30,
        30,
        null,
        30,
        30,
        null,
        30,
        30,
        30,
        30,
        null,
        1,
        1,
        1,
        1,
        1,
        1,
        1,
        1,
        1,
        1,
        1,
        null,
        null,
        1,
        1,
        1,
        1,
        1,
        1,
        1,
        1,
        1,
        null,
        null,
        null,
        1,
        1,
        1,
        1,
        1,
        1,
        1,
        1,
        1,
        1,
        1,
        1,
        1,
        1,
        1,
        1,
        1,
        1,
        1,
        1,
        1,
        1,
        null,
        null,
        1,
        1,
        1,
        1,
        1,
        1,
        1,
        1,
        1,
        1,
        1,
        1,
        1,
        null,
        null,
        1,
        1,
        1,
        1,
        1,
        1,
        1,
        1,
        1,
        1,
        1,
        1,
        1,
        null,
        null,
        1,
        1,
        1,
        1,
        1,
        1,
        1,
        1,
        1,
        1,
        1,
        null,
        null,
        1,
        1,
        1,
        1,
        1,
        1,
        1,
        1,
        1,
        1,
        1,
        1,
        null,
        null,
        null,
        1,
        1,
        1,
        1,
        1,
        1,
        1,
        1,
        1,
        null,
        1,
        null,
        null,
        1,
        1,
        1,
        1,
        1,
        1,
        1,
        1,
        null,
        1,
        null,
        null,
        1,
        1,
        1,
        1,
        1,
        1,
        1,
        1,
        null,
        1,
        null,
        null,
        1,
        1,
        1,
        1,
        1,
        1,
        1,
        1,
        null,
        1,
        null,
        null,
        null,
        1,
        1,
        1,
        null,
        1,
        1,
        1,
        1,
        0,
        null,
        1,
        1,
        null,
        1,
        1,
        1,
        1,
        null,
        null,
        null,
        1,
        1,
        1,
        1,
        1,
        1,
        null,
        1,
        1,
        1,
        1,
        1,
        null,
        1,
        null,
        null,
        1,
        1,
        1,
        1,
        1,
        null,
        1,
        1,
        1,
        1,
        1,
        null,
        1,
        null,
        null,
        1,
        1,
        1,
        1,
        1,
        null,
        1,
        1,
        1,
        1,
        1,
        1,
        1,
        null,
        1,
        null,
        null,
        1,
        1,
        1,
        1,
        1,
        null,
        1,
        1,
        1,
        1,
        1,
        1,
        1,
        null,
        1,
        null,
        null,
        1,
        1,
        1,
        1,
        1,
        null,
        1,
        1,
        1,
        1,
        1,
        1,
        null,
        1,
        null,
        null,
        null,
        1,
        1,
        1,
        1,
        1,
        1,
        1,
        1,
        1,
        1,
        1,
        null,
        null,
        1,
        1,
        1,
        1,
        1,
        1,
        1,
        1,
        null,
        null,
        1,
        1,
        1,
        1,
        1,
        1,
        1,
        1,
        1,
        null,
        null,
        null,
        1,
        1,
        1,
        1,
        1,
        1,
        1,
        1,
        1,
        1,
        1,
        1,
        1,
        null,
        null,
        1,
        1,
        1,
        1,
        1,
        1,
        1,
        1,
        1,
        1,
        1,
        1,
        null,
        null,
        1,
        1,
        1,
        1,
        1,
        1,
        null,
        null,
        1,
        1,
        1,
        1,
        1,
        1,
        1,
        null,
        null,
        null,
        1,
        1,
        0,
        0,
        0,
        0,
        0,
        0,
        0,
        0,
        0,
        0,
        0,
        null,
        null,
        1,
        1,
        1,
        1,
        1,
        1,
        null,
        null,
        1,
        1,
        1,
        1,
        1,
        1,
        1,
        null,
        null,
        null,
        1,
        1,
        1,
        1,
        1,
        1,
        1,
        1,
        1,
        1,
        1,
        1,
        1,
        null,
        null,
        1,
        1,
        1,
        1,
        1,
        null,
        null,
        1,
        1,
        1,
        1,
        1,
        1,
        null,
        null,
        null
      ],
      "/Users/joezhou/one_maths/spec/rails_helper.rb": [
        null,
        1,
        1,
        null,
        1,
        1,
        1,
        1,
        1,
        1,
        1,
        1,
        null,
        null,
        null,
        null,
        1,
        1,
        0,
        null,
        1,
        null,
        null,
        null,
        null,
        null,
        null,
        null,
        null,
        null,
        null,
        null,
        null,
        null,
        null,
        null,
        null,
        null,
        null,
        null,
        null,
        1,
        null,
        1,
        null,
        1,
        null,
        null,
        null,
        null,
        1,
        null,
        null,
        null,
        null,
        null,
        null,
        null,
        null,
        null,
        null,
        null,
        null,
        null,
        null,
        1,
        null,
        null,
        1,
        null,
        null,
        null
      ],
      "/Users/joezhou/one_maths/config/environment.rb": [
        null,
        1,
        null,
        null,
        1
      ],
      "/Users/joezhou/one_maths/config/application.rb": [
        1,
        null,
        1,
        null,
        1,
        1,
        1,
        1,
        1,
        1,
        1,
        1,
        null,
        null,
        null,
        null,
        1,
        null,
        1,
        1,
        null,
        null,
        null,
        null,
        null
      ],
      "/Users/joezhou/one_maths/config/boot.rb": [
        1,
        null,
        1
      ],
      "/Users/joezhou/one_maths/config/environments/test.rb": [
        1,
        null,
        null,
        null,
        null,
        null,
        null,
        1,
        null,
        null,
        null,
        null,
        1,
        null,
        null,
        1,
        1,
        null,
        null,
        null,
        null,
        1,
        1,
        null,
        null,
        1,
        null,
        null,
        1,
        1,
        null,
        null,
        null,
        null,
        1,
        null,
        null,
        1,
        null,
        null,
        null,
        null
      ],
      "/Users/joezhou/one_maths/config/initializers/application_controller_renderer.rb": [
        null,
        null,
        null,
        null,
        null,
        null
      ],
      "/Users/joezhou/one_maths/config/initializers/assets.rb": [
        null,
        null,
        null,
        1,
        null,
        null,
        null,
        null,
        null,
        null,
        null
      ],
      "/Users/joezhou/one_maths/config/initializers/backtrace_silencers.rb": [
        null,
        null,
        null,
        null,
        null,
        null,
        null
      ],
      "/Users/joezhou/one_maths/config/initializers/cookies_serializer.rb": [
        null,
        null,
        null,
        null,
        1
      ],
      "/Users/joezhou/one_maths/config/initializers/devise.rb": [
        null,
        null,
        1,
        null,
        null,
        null,
        null,
        null,
        null,
        1,
        null,
        null,
        null,
        null,
        1,
        null,
        null,
        null,
        null,
        null,
        null,
        null,
        null,
        null,
        null,
        null,
        1,
        null,
        null,
        null,
        null,
        null,
        null,
        null,
        null,
        null,
        null,
        null,
        null,
        null,
        null,
        null,
        null,
        null,
        null,
        null,
        null,
        null,
        1,
        null,
        null,
        null,
        null,
        1,
        null,
        null,
        null,
        null,
        null,
        null,
        null,
        null,
        null,
        null,
        null,
        null,
        null,
        null,
        null,
        null,
        null,
        null,
        null,
        null,
        null,
        null,
        null,
        null,
        null,
        null,
        null,
        null,
        null,
        null,
        1,
        null,
        null,
        null,
        null,
        null,
        null,
        null,
        null,
        null,
        null,
        null,
        null,
        null,
        null,
        null,
        null,
        null,
        null,
        null,
        null,
        null,
        null,
        1,
        null,
        null,
        null,
        null,
        null,
        null,
        null,
        null,
        null,
        null,
        null,
        null,
        null,
        null,
        null,
        null,
        null,
        null,
        null,
        null,
        null,
        null,
        null,
        null,
        null,
        null,
        null,
        1,
        null,
        null,
        null,
        null,
        null,
        null,
        null,
        null,
        null,
        1,
        null,
        null,
        null,
        null,
        null,
        null,
        null,
        null,
        null,
        null,
        1,
        null,
        null,
        null,
        null,
        1,
        null,
        null,
        null,
        null,
        null,
        null,
        null,
        null,
        null,
        null,
        null,
        null,
        null,
        null,
        null,
        null,
        null,
        null,
        null,
        null,
        null,
        null,
        null,
        null,
        null,
        null,
        null,
        null,
        null,
        null,
        null,
        null,
        null,
        null,
        null,
        null,
        null,
        null,
        null,
        null,
        1,
        null,
        null,
        null,
        null,
        null,
        null,
        null,
        null,
        null,
        null,
        null,
        null,
        null,
        null,
        null,
        null,
        null,
        null,
        null,
        null,
        null,
        null,
        null,
        null,
        null,
        null,
        null,
        null,
        null,
        null,
        null,
        null,
        null,
        null,
        null,
        null,
        null,
        null,
        null,
        null,
        null,
        1,
        null,
        null,
        null,
        null,
        null,
        null,
        null,
        null,
        null,
        null,
        null,
        null,
        null,
        null,
        null,
        null,
        null,
        null,
        null,
        null,
        null,
        null,
        null,
        null,
        null,
        null,
        null,
        null,
        null
      ],
      "/Users/joezhou/one_maths/config/initializers/filter_parameter_logging.rb": [
        null,
        null,
        null,
        1
      ],
      "/Users/joezhou/one_maths/config/initializers/inflections.rb": [
        null,
        null,
        null,
        null,
        null,
        null,
        null,
        null,
        null,
        null,
        null,
        null,
        null,
        null,
        null,
        null
      ],
      "/Users/joezhou/one_maths/config/initializers/mime_types.rb": [
        null,
        null,
        null,
        null
      ],
      "/Users/joezhou/one_maths/config/initializers/new_framework_defaults.rb": [
        null,
        null,
        null,
        null,
        null,
        null,
        null,
        1,
        null,
        null,
        1,
        null,
        null,
        null,
        1,
        null,
        null,
        1,
        null,
        null,
        1,
        null,
        null,
        1
      ],
      "/Users/joezhou/one_maths/config/initializers/session_store.rb": [
        null,
        null,
        1
      ],
      "/Users/joezhou/one_maths/config/initializers/wrap_parameters.rb": [
        null,
        null,
        null,
        null,
        null,
        null,
        1,
        2,
        null,
        null,
        null,
        null,
        null,
        null
      ],
      "/Users/joezhou/one_maths/config/routes.rb": [
        1,
        null,
        1,
        null,
        1,
        null,
        1,
        1,
        1,
        1,
        1,
        1,
        1,
        1,
        null,
        null,
        1,
        1,
        1,
        null,
        null,
        null,
        1,
        1,
        1,
        1,
        1,
        1,
        1,
        1,
        1,
        1,
        1,
        1,
        null,
        null,
        null,
        null,
        null,
        1,
        1,
        1,
        1,
        null,
        1,
        1,
        1,
        null,
        null,
        1,
        null,
        null,
        1,
        null,
        1,
        null,
        null
      ],
      "/Users/joezhou/one_maths/app/models/user.rb": [
        1,
        null,
        null,
        1,
        null,
        null,
        1,
        1,
        1,
        1,
        1,
        1,
        null,
        1,
        null,
        1,
        null,
        1,
        1,
        null,
        1,
        1,
        null,
        1,
        null,
        1,
        205,
        null,
        null,
        1,
        205,
        null,
        null,
        1,
        144,
        null,
        null,
        1,
        0,
        null,
        null,
        1,
        21,
        21,
        null,
        null,
        null,
        null,
        null,
        null,
        null,
        21,
        21,
        null,
        0,
        null,
        null,
        null,
        1,
        0,
        null,
        null,
        1,
        0,
        null,
        null,
        1,
        0,
        0,
        0,
        null,
        null,
        null,
        null,
        null,
        null
      ],
      "/Users/joezhou/one_maths/app/models/application_record.rb": [
        1,
        1,
        null
      ],
      "/Users/joezhou/one_maths/app/helpers/answered_questions_helper.rb": [
        1,
        null
      ],
      "/Users/joezhou/one_maths/app/helpers/answers_helper.rb": [
        1,
        null
      ],
      "/Users/joezhou/one_maths/app/helpers/answers_choices_helper.rb": [
        1,
        1,
        0,
        0,
        0,
        0,
        null,
        null,
        1,
        0,
        0,
        0,
        null,
        0,
        null,
        0,
        null,
        null,
        1,
        0,
        0,
        0,
        null,
        0,
        null,
        0,
        null,
        null,
        1,
        0,
        null,
        null,
        1,
        0,
        null,
        null,
        1,
        0,
        0,
        null,
        null,
        1,
        0,
        0,
        null,
        null,
        1,
        0,
        0,
        0,
        0,
        0,
        0,
        null,
        null,
        0,
        0,
        null,
        0,
        null,
        0,
        null,
        null,
        1,
        0,
        null,
        null,
        1,
        0,
        null,
        null
      ],
      "/Users/joezhou/one_maths/app/helpers/application_helper.rb": [
        1,
        null
      ],
      "/Users/joezhou/one_maths/app/helpers/choices_helper.rb": [
        1,
        null
      ],
      "/Users/joezhou/one_maths/app/helpers/courses_helper.rb": [
        1,
        null
      ],
      "/Users/joezhou/one_maths/app/helpers/images_helper.rb": [
        1,
        null
      ],
      "/Users/joezhou/one_maths/app/helpers/lessons_helper.rb": [
        1,
        null
      ],
      "/Users/joezhou/one_maths/app/helpers/pages_helper.rb": [
        1,
        null
      ],
      "/Users/joezhou/one_maths/app/helpers/questions_helper.rb": [
        1,
        1,
        null,
        142,
        108,
        null,
        null,
        1,
        15,
        15,
        0,
        0,
        null,
        null,
        15,
        null,
        15,
        null,
        null,
        1,
        15,
        15,
        0,
        null,
        15,
        15,
        27,
        null,
        15,
        15,
        null,
        null,
        27,
        27,
        27,
        null,
        null,
        15,
        null,
        null,
        1,
        15,
        42,
        15,
        null,
        null,
        null,
        1,
        null,
        15,
        null,
        null,
        1,
        null,
        15,
        null,
        null,
        1,
        30,
        14,
        14,
        null,
        null,
        null,
        1,
        15,
        7,
        7,
        null,
        8,
        null,
        15,
        null,
        null,
        1,
        15,
        null,
        null,
        1,
        null,
        null,
        null,
        null,
        null,
        null,
        null,
        null,
        null,
        null,
        15,
        null,
        null,
        1,
        15,
        15,
        15,
        15,
        42,
        null,
        15,
        15,
        27,
        27,
        27,
        15,
        null,
        12,
        12,
        12,
        19,
        1,
        1,
        12,
        12,
        null,
        null,
        null,
        15,
        null,
        null,
        1,
        30,
        14,
        14,
        null,
        null,
        null,
        null
      ],
      "/Users/joezhou/one_maths/app/helpers/topics_helper.rb": [
        1,
        null
      ],
      "/Users/joezhou/one_maths/app/helpers/units_helper.rb": [
        1,
        null
      ],
      "/Users/joezhou/one_maths/spec/support/database_cleaner.rb": [
        null,
        1,
        null,
        1,
        1,
        null,
        null,
        1,
        29,
        null,
        null,
        1,
        0,
        null,
        null,
        1,
        29,
        null,
        null,
        1,
        29,
        29,
        null,
        null,
        null,
        1,
        1,
        null,
        null,
        null,
        null,
        null,
        null,
        null,
        null,
        null,
        null,
        null,
        null,
        null,
        null,
        null,
        null,
        null,
        null,
        null,
        null,
        null,
        null,
        null,
        null,
        null,
        null,
        null,
        null
      ],
      "/Users/joezhou/one_maths/spec/support/wait_for_ajax.rb": [
        1,
        1,
        null,
        0,
        0,
        null,
        null,
        null,
        1,
        0,
        null,
        null,
        null,
        1,
        1,
        null
      ],
      "/Users/joezhou/one_maths/spec/general_helpers.rb": [
        1,
        25,
        25,
        25,
        25,
        25,
        null,
        null,
        1,
        29,
        null,
        29,
        29,
        null,
        null,
        1,
        29,
        null,
        29,
        29,
        null,
        null,
        1,
        29,
        null,
        null,
        1,
        29,
        null,
        null,
        1,
        29,
        null,
        null,
        1,
        29,
        null,
        null,
        null,
        1,
        145,
        null,
        null,
        null,
        1,
        348,
        null,
        null,
        null,
        1,
        0,
        null,
        null,
        null,
        1,
        174,
        null,
        null,
        null,
        1,
        261,
        null,
        null,
        null,
        1,
        58,
        null,
        null,
        null,
        1,
        116,
        319,
        null,
        null,
        null,
        1,
        0,
        null,
        null,
        1,
        0,
        null
      ],
      "/Users/joezhou/one_maths/app/models/course.rb": [
        1,
        1,
        null
      ],
      "/Users/joezhou/one_maths/app/models/unit.rb": [
        1,
        1,
        1,
        null
      ],
      "/Users/joezhou/one_maths/app/models/topic.rb": [
        1,
        1,
        1,
        1,
        null,
        1,
        null,
        1,
        1,
        null,
        1,
        171,
        171,
        null,
        171,
        null,
        null,
        1,
        0,
        0,
        0,
        null,
        0,
        null,
        null,
        null
      ],
      "/Users/joezhou/one_maths/app/models/lesson.rb": [
        1,
        1,
        1,
        null,
        1,
        null,
        1,
        1,
        null,
        1,
        106,
        null,
        null,
        1,
        94,
        null,
        null,
        1,
        74,
        null,
        74,
        14,
        null,
        74,
        null,
        null,
        1,
        21,
        0,
        null,
        21,
        21,
        4,
        null,
        null,
        21,
        21,
        6,
        6,
        null,
        6,
        1,
        null,
        null,
        5,
        1,
        null,
        null,
        4,
        4,
        null,
        null,
        null,
        15,
        null,
        null,
        null,
        1,
        21,
        16,
        0,
        0,
        0,
        null,
        0,
        null,
        null,
        16,
        null,
        null,
        null,
        1,
        16,
        null,
        null,
        1,
        21,
        21,
        21,
        21,
        null,
        null,
        1,
        21,
        36,
        10,
        10,
        null,
        null,
        null,
        null,
        1,
        null,
        0,
        null,
        null,
        1,
        0,
        null,
        null,
        null,
        null
      ],
      "/Users/joezhou/one_maths/app/models/question.rb": [
        1,
        null,
        1,
        null,
        1,
        null,
        1,
        1,
        1,
        1,
        1,
        1,
        null,
        null,
        null,
        1,
        0,
        0,
        0,
        0,
        null,
        0,
        0,
        0,
        null,
        0,
        null,
        null,
        null
      ],
      "/Users/joezhou/one_maths/app/models/choice.rb": [
        1,
        null,
        1,
        1,
        null,
        null
      ],
      "/Users/joezhou/one_maths/app/models/answer.rb": [
        1,
        1,
        null
      ],
      "/Users/joezhou/one_maths/app/controllers/courses_controller.rb": [
        1,
        null,
        1,
        null,
        59,
        null,
        null,
        1,
        0,
        0,
        0,
        0,
        null,
        null,
        null,
        1,
        0,
        0,
        null,
        null,
        1,
        0,
        null,
        null,
        1,
        0,
        0,
        0,
        0,
        null,
        null,
        null,
        1,
        0,
        0,
        0,
        null,
        null,
        1,
        0,
        0,
        0,
        0,
        null,
        0,
        null,
        0,
        null,
        null,
        1,
        0,
        null,
        null
      ],
      "/Users/joezhou/one_maths/app/controllers/application_controller.rb": [
        1,
        1,
        null
      ],
      "/Users/joezhou/one_maths/app/models/ability.rb": [
        1,
        1,
        null,
        1,
        null,
        null,
        112,
        112,
        0,
        112,
        25,
        87,
        null,
        null,
        null,
        null,
        null,
        null,
        null,
        null,
        null,
        null,
        null,
        null,
        null,
        null,
        null,
        null,
        null,
        null,
        null,
        null,
        null,
        null
      ],
      "/Users/joezhou/one_maths/app/controllers/questions_controller.rb": [
        1,
        1,
        null,
        1,
        5,
        5,
        4,
        null,
        1,
        null,
        5,
        null,
        null,
        1,
        20,
        14,
        null,
        4,
        null,
        0,
        null,
        2,
        18,
        null,
        18,
        null,
        null,
        null,
        20,
        154,
        null,
        3,
        null,
        null,
        null,
        1,
        7,
        2,
        2,
        null,
        5,
        null,
        null,
        null,
        5,
        5,
        null,
        null,
        null,
        1,
        2,
        2,
        0,
        0,
        0,
        null,
        2,
        null,
        null,
        null,
        null,
        1,
        null,
        null,
        1,
        2,
        2,
        2,
        2,
        2,
        null,
        null,
        null,
        1,
        0,
        0,
        0,
        null,
        0,
        null,
        0,
        0,
        null,
        null,
        null,
        1,
        3,
        3,
        1,
        null,
        null,
        1,
        null,
        2,
        2,
        null,
        null,
        null,
        1,
        15,
        15,
        15,
        null,
        15,
        15,
        null,
        15,
        null,
        15,
        null,
        15,
        15,
        15,
        15,
        15,
        15,
        null,
        15,
        15,
        null,
        15,
        null,
        null,
        0,
        0,
        0,
        0,
        0,
        0,
        null,
        null,
        15,
        null,
        15,
        0,
        null,
        15,
        null,
        null,
        15,
        null,
        null,
        1,
        2,
        null,
        null,
        1,
        0,
        null,
        null
      ],
      "/Users/joezhou/one_maths/app/models/student_lesson_exp.rb": [
        1,
        1,
        1,
        null,
        1,
        36,
        36,
        36,
        null,
        null,
        1,
        52,
        52,
        52,
        null,
        null,
        1,
        16,
        16,
        10,
        null,
        6,
        null,
        null,
        null
      ],
      "/Users/joezhou/one_maths/app/controllers/units_controller.rb": [
        1,
        null,
        1,
        null,
        1,
        0,
        0,
        null,
        null,
        1,
        0,
        0,
        0,
        null,
        0,
        0,
        null,
        null,
        null,
        1,
        0,
        0,
        0,
        null,
        0,
        null,
        null,
        1,
        21,
        null,
        null,
        1,
        0,
        0,
        0,
        0,
        null,
        null,
        null,
        1,
        0,
        0,
        0,
        0,
        null,
        null,
        1,
        0,
        0,
        0,
        0,
        null,
        0,
        null,
        0,
        null,
        null,
        1,
        0,
        null,
        null
      ],
      "/Users/joezhou/one_maths/app/models/student_topic_exp.rb": [
        1,
        1,
        1,
        null,
        1,
        0,
        0,
        null,
        null,
        1,
        171,
        171,
        171,
        null,
        null,
        1,
        0,
        0,
        0,
        null,
        0,
        null,
        null,
        null,
        1,
        171,
        171,
        null,
        90,
        null,
        81,
        81,
        81,
        81,
        0,
        0,
        0,
        null,
        null,
        81,
        null,
        null,
        null,
        1,
        57,
        null,
        null,
        1,
        57,
        null,
        null,
        1,
        57,
        null,
        null,
        null
      ],
      "/Users/joezhou/one_maths/app/models/current_question.rb": [
        1,
        1,
        1,
        1,
        null
      ],
      "/Users/joezhou/one_maths/app/models/answered_question.rb": [
        1,
        1,
        1,
        1,
        1,
        null
      ],
      "/Users/joezhou/one_maths/app/models/image.rb": [
        1,
        1,
        1,
        null,
        null,
        1,
        null
      ]
    },
    "timestamp": 1476133558
  }
}
