{
  "RSpec": {
    "coverage": {
      "/Users/joezhou/one_maths/spec/zjavascript/zjs_ajax_feature_spec.rb": [
        1,
        1,
        null,
        1,
        19,
        19,
        19,
        19,
        19,
        19,
        19,
        19,
        19,
        19,
        19,
        19,
        19,
        19,
        19,
        19,
        19,
        19,
        19,
        19,
        19,
        19,
        19,
        19,
        19,
        19,
        19,
        null,
        19,
        19,
        19,
        19,
        null,
        1,
        1,
        1,
        1,
        1,
        1,
        1,
        1,
        1,
        1,
        1,
        1,
        1,
        1,
        null,
        null,
        1,
        1,
        1,
        1,
        1,
        1,
        1,
        1,
        1,
        1,
        1,
        1,
        1,
        null,
        null,
        null,
        1,
        1,
        1,
        1,
        1,
        1,
        1,
        1,
        1,
        0,
        null,
        1,
        1,
        null,
        1,
        0,
        null,
        1,
        1,
        1,
        1,
        1,
        1,
        1,
        1,
        0,
        null,
        1,
        0,
        null,
        1,
        1,
        null,
        1,
        1,
        1,
        1,
        1,
        null,
        null,
        1,
        1,
        1,
        1,
        1,
        1,
        1,
        1,
        0,
        null,
        1,
        0,
        null,
        1,
        0,
        null,
        1,
        1,
        null,
        1,
        1,
        1,
        1,
        1,
        1,
        1,
        1,
        1,
        1,
        null,
        1,
        0,
        null,
        1,
        0,
        null,
        1,
        0,
        null,
        1,
        1,
        1,
        1,
        1,
        1,
        1,
        1,
        1,
        0,
        null,
        1,
        1,
        null,
        1,
        0,
        null,
        1,
        0,
        null,
        1,
        1,
        1,
        1,
        1,
        null,
        null,
        1,
        1,
        1,
        1,
        1,
        1,
        1,
        1,
        1,
        1,
        1,
        1,
        1,
        1,
        1,
        1,
        null,
        null,
        null,
        1,
        1,
        1,
        1,
        1,
        1,
        1,
        1,
        1,
        1,
        1,
        null,
        1,
        0,
        0,
        null,
        1,
        1,
        1,
        1,
        1,
        null,
        null,
        1,
        1,
        1,
        1,
        1,
        1,
        1,
        1,
        1,
        1,
        null,
        1,
        0,
        0,
        null,
        1,
        1,
        1,
        1,
        1,
        1,
        1,
        1,
        0,
        0,
        null,
        1,
        1,
        1,
        null,
        1,
        1,
        1,
        1,
        1,
        null,
        null,
        1,
        1,
        1,
        1,
        1,
        1,
        1,
        1,
        0,
        0,
        null,
        1,
        0,
        0,
        null,
        1,
        1,
        1,
        null,
        1,
        1,
        1,
        1,
        1,
        1,
        1,
        1,
        0,
        0,
        null,
        1,
        1,
        1,
        null,
        1,
        0,
        0,
        null,
        1,
        1,
        1,
        1,
        1,
        1,
        1,
        1,
        1,
        1,
        null,
        1,
        0,
        0,
        null,
        1,
        0,
        0,
        null,
        1,
        1,
        1,
        1,
        1,
        null,
        null,
        null,
        1,
        1,
        1,
        1,
        1,
        1,
        1,
        1,
        1,
        0,
        0,
        null,
        1,
        1,
        null,
        1,
        1,
        1,
        1,
        1,
        1,
        1,
        1,
        1,
        1,
        null,
        1,
        0,
        null,
        1,
        1,
        1,
        1,
        1,
        null,
        null,
        1,
        1,
        1,
        1,
        1,
        1,
        1,
        1,
        0,
        0,
        null,
        1,
        1,
        1,
        null,
        1,
        0,
        null,
        1,
        1,
        1,
        1,
        1,
        1,
        1,
        1,
        0,
        0,
        null,
        1,
        0,
        0,
        null,
        1,
        1,
        null,
        1,
        1,
        1,
        1,
        1,
        1,
        1,
        1,
        1,
        1,
        null,
        1,
        0,
        0,
        null,
        1,
        0,
        null,
        1,
        1,
        1,
        1,
        1,
        null,
        null,
        null,
        1,
        1,
        1,
        1,
        1,
        1,
        1,
        1,
        1,
        1,
        1,
        1,
        0,
        null,
        1,
        1,
        null,
        1,
        0,
        null,
        1,
        1,
        1,
        1,
        1,
        1,
        1,
        1,
        null,
        1,
        0,
        null,
        1,
        0,
        null,
        1,
        1,
        1,
        null,
        null,
        1,
        1,
        1,
        1,
        1,
        1,
        1,
        1,
        1,
        1,
        0,
        null,
        1,
        0,
        null,
        1,
        1,
        null,
        1,
        0,
        null,
        1,
        1,
        1,
        1,
        1,
        1,
        1,
        1,
        0,
        null,
        1,
        1,
        null,
        1,
        0,
        null,
        1,
        0,
        null,
        1,
        1,
        1,
        1,
        1,
        1,
        1,
        1,
        0,
        null,
        1,
        0,
        null,
        1,
        0,
        null,
        1,
        1,
        null,
        1,
        1,
        1,
        1,
        null,
        null,
        1,
        1,
        1,
        1,
        1,
        1,
        1,
        1,
        1,
        1,
        1,
        1,
        1,
        1,
        1,
        1,
        1,
        null,
        null,
        null,
        1,
        1,
        1,
        1,
        1,
        1,
        1,
        1,
        1,
        1,
        1,
        1,
        0,
        0,
        null,
        1,
        1,
        1,
        null,
        1,
        1,
        1,
        1,
        null,
        null,
        1,
        1,
        1,
        1,
        1,
        1,
        1,
        1,
        1,
        1,
        0,
        0,
        null,
        1,
        1,
        1,
        null,
        1,
        1,
        1,
        1,
        1,
        1,
        1,
        1,
        1,
        null,
        1,
        0,
        0,
        null,
        1,
        1,
        1,
        1,
        null,
        null,
        1,
        1,
        1,
        1,
        1,
        1,
        1,
        1,
        1,
        1,
        0,
        0,
        null,
        1,
        1,
        1,
        null,
        1,
        0,
        0,
        null,
        1,
        1,
        1,
        1,
        1,
        1,
        1,
        1,
        1,
        null,
        1,
        0,
        0,
        null,
        1,
        0,
        0,
        null,
        1,
        1,
        1,
        1,
        1,
        1,
        1,
        0,
        0,
        null,
        1,
        0,
        0,
        null,
        1,
        1,
        1,
        null,
        1,
        1,
        1,
        1,
        null,
        null,
        null,
        1,
        1,
        1,
        1,
        1,
        1,
        1,
        1,
        1,
        1,
        1,
        0,
        null,
        1,
        1,
        1,
        null,
        1,
        1,
        1,
        1,
        1,
        1,
        1,
        1,
        null,
        1,
        0,
        0,
        null,
        1,
        1,
        1,
        1,
        null,
        null,
        1,
        1,
        1,
        1,
        1,
        1,
        1,
        1,
        1,
        1,
        0,
        null,
        1,
        1,
        1,
        null,
        1,
        0,
        0,
        null,
        1,
        1,
        1,
        1,
        1,
        1,
        1,
        0,
        null,
        1,
        0,
        null,
        1,
        1,
        null,
        1,
        1,
        1,
        1,
        1,
        1,
        1,
        1,
        null,
        1,
        0,
        0,
        null,
        1,
        0,
        0,
        null,
        1,
        1,
        1,
        1,
        null,
        null,
        null
      ],
      "/Users/joezhou/one_maths/spec/rails_helper.rb": [
        null,
        1,
        1,
        null,
        1,
        1,
        1,
        1,
        1,
        1,
        1,
        1,
        null,
        null,
        null,
        null,
        1,
        1,
        1,
        null,
        1,
        null,
        null,
        null,
        null,
        null,
        null,
        null,
        null,
        null,
        null,
        null,
        null,
        null,
        null,
        null,
        null,
        null,
        null,
        null,
        null,
        1,
        null,
        1,
        null,
        1,
        null,
        null,
        null,
        null,
        1,
        null,
        null,
        null,
        null,
        null,
        null,
        null,
        null,
        null,
        null,
        null,
        null,
        null,
        null,
        1,
        null,
        null,
        1,
        null,
        null,
        null
      ],
      "/Users/joezhou/one_maths/config/environment.rb": [
        null,
        1,
        null,
        null,
        1
      ],
      "/Users/joezhou/one_maths/config/application.rb": [
        1,
        null,
        1,
        null,
        1,
        1,
        1,
        1,
        1,
        1,
        1,
        1,
        null,
        null,
        null,
        null,
        1,
        null,
        1,
        1,
        null,
        null,
        null,
        null,
        null
      ],
      "/Users/joezhou/one_maths/config/boot.rb": [
        1,
        null,
        1
      ],
      "/Users/joezhou/one_maths/config/environments/test.rb": [
        1,
        null,
        null,
        null,
        null,
        null,
        null,
        1,
        null,
        null,
        null,
        null,
        1,
        null,
        null,
        1,
        1,
        null,
        null,
        null,
        null,
        1,
        1,
        null,
        null,
        1,
        null,
        null,
        1,
        1,
        null,
        null,
        null,
        null,
        1,
        null,
        null,
        1,
        null,
        null,
        null,
        null
      ],
      "/Users/joezhou/one_maths/config/initializers/application_controller_renderer.rb": [
        null,
        null,
        null,
        null,
        null,
        null
      ],
      "/Users/joezhou/one_maths/config/initializers/assets.rb": [
        null,
        null,
        null,
        1,
        null,
        null,
        null,
        null,
        null,
        null,
        null
      ],
      "/Users/joezhou/one_maths/config/initializers/backtrace_silencers.rb": [
        null,
        null,
        null,
        null,
        null,
        null,
        null
      ],
      "/Users/joezhou/one_maths/config/initializers/cookies_serializer.rb": [
        null,
        null,
        null,
        null,
        1
      ],
      "/Users/joezhou/one_maths/config/initializers/devise.rb": [
        null,
        null,
        1,
        null,
        null,
        null,
        null,
        null,
        null,
        1,
        null,
        null,
        null,
        null,
        1,
        null,
        null,
        null,
        null,
        null,
        null,
        null,
        null,
        null,
        null,
        null,
        1,
        null,
        null,
        null,
        null,
        null,
        null,
        null,
        null,
        null,
        null,
        null,
        null,
        null,
        null,
        null,
        null,
        null,
        null,
        null,
        null,
        null,
        1,
        null,
        null,
        null,
        null,
        1,
        null,
        null,
        null,
        null,
        null,
        null,
        null,
        null,
        null,
        null,
        null,
        null,
        null,
        null,
        null,
        null,
        null,
        null,
        null,
        null,
        null,
        null,
        null,
        null,
        null,
        null,
        null,
        null,
        null,
        null,
        1,
        null,
        null,
        null,
        null,
        null,
        null,
        null,
        null,
        null,
        null,
        null,
        null,
        null,
        null,
        null,
        null,
        null,
        null,
        null,
        null,
        null,
        null,
        1,
        null,
        null,
        null,
        null,
        null,
        null,
        null,
        null,
        null,
        null,
        null,
        null,
        null,
        null,
        null,
        null,
        null,
        null,
        null,
        null,
        null,
        null,
        null,
        null,
        null,
        null,
        null,
        1,
        null,
        null,
        null,
        null,
        null,
        null,
        null,
        null,
        null,
        1,
        null,
        null,
        null,
        null,
        null,
        null,
        null,
        null,
        null,
        null,
        1,
        null,
        null,
        null,
        null,
        1,
        null,
        null,
        null,
        null,
        null,
        null,
        null,
        null,
        null,
        null,
        null,
        null,
        null,
        null,
        null,
        null,
        null,
        null,
        null,
        null,
        null,
        null,
        null,
        null,
        null,
        null,
        null,
        null,
        null,
        null,
        null,
        null,
        null,
        null,
        null,
        null,
        null,
        null,
        null,
        null,
        1,
        null,
        null,
        null,
        null,
        null,
        null,
        null,
        null,
        null,
        null,
        null,
        null,
        null,
        null,
        null,
        null,
        null,
        null,
        null,
        null,
        null,
        null,
        null,
        null,
        null,
        null,
        null,
        null,
        null,
        null,
        null,
        null,
        null,
        null,
        null,
        null,
        null,
        null,
        null,
        null,
        null,
        1,
        null,
        null,
        null,
        null,
        null,
        null,
        null,
        null,
        null,
        null,
        null,
        null,
        null,
        null,
        null,
        null,
        null,
        null,
        null,
        null,
        null,
        null,
        null,
        null,
        null,
        null,
        null,
        null,
        null
      ],
      "/Users/joezhou/one_maths/config/initializers/filter_parameter_logging.rb": [
        null,
        null,
        null,
        1
      ],
      "/Users/joezhou/one_maths/config/initializers/inflections.rb": [
        null,
        null,
        null,
        null,
        null,
        null,
        null,
        null,
        null,
        null,
        null,
        null,
        null,
        null,
        null,
        null
      ],
      "/Users/joezhou/one_maths/config/initializers/mime_types.rb": [
        null,
        null,
        null,
        null
      ],
      "/Users/joezhou/one_maths/config/initializers/new_framework_defaults.rb": [
        null,
        null,
        null,
        null,
        null,
        null,
        null,
        1,
        null,
        null,
        1,
        null,
        null,
        null,
        1,
        null,
        null,
        1,
        null,
        null,
        1,
        null,
        null,
        1
      ],
      "/Users/joezhou/one_maths/config/initializers/session_store.rb": [
        null,
        null,
        1
      ],
      "/Users/joezhou/one_maths/config/initializers/wrap_parameters.rb": [
        null,
        null,
        null,
        null,
        null,
        null,
        1,
        2,
        null,
        null,
        null,
        null,
        null,
        null
      ],
      "/Users/joezhou/one_maths/config/routes.rb": [
        1,
        null,
        1,
        null,
        1,
        null,
        1,
        1,
        1,
        1,
        1,
        1,
        1,
        1,
        null,
        null,
        1,
        1,
        1,
        null,
        null,
        null,
        1,
        1,
        1,
        1,
        1,
        1,
        1,
        1,
        1,
        1,
        1,
        1,
        null,
        null,
        null,
        null,
        null,
        1,
        1,
        1,
        1,
        null,
        1,
        1,
        1,
        null,
        null,
        1,
        null,
        null,
        1,
        null,
        1,
        null,
        null
      ],
      "/Users/joezhou/one_maths/app/models/user.rb": [
        1,
        null,
        null,
        1,
        null,
        null,
        1,
        1,
        1,
        1,
        1,
        1,
        null,
        1,
        null,
        1,
        null,
        1,
        1,
        null,
        1,
        1,
        null,
        1,
        null,
        1,
        108,
        null,
        null,
        1,
        108,
        null,
        null,
        1,
        126,
        null,
        null,
        1,
        0,
        null,
        null,
        1,
        10,
        10,
        null,
        null,
        null,
        null,
        null,
        null,
        null,
        10,
        10,
        null,
        0,
        null,
        null,
        null,
        1,
        0,
        null,
        null,
        1,
        8,
        null,
        null,
        1,
        0,
        0,
        0,
        null,
        null,
        null,
        null,
        null,
        null
      ],
      "/Users/joezhou/one_maths/app/models/application_record.rb": [
        1,
        1,
        null
      ],
      "/Users/joezhou/one_maths/app/helpers/answered_questions_helper.rb": [
        1,
        null
      ],
      "/Users/joezhou/one_maths/app/helpers/answers_helper.rb": [
        1,
        null
      ],
      "/Users/joezhou/one_maths/app/helpers/answers_choices_helper.rb": [
        1,
        1,
        0,
        0,
        0,
        0,
        null,
        null,
        1,
        0,
        0,
        0,
        null,
        0,
        null,
        0,
        null,
        null,
        1,
        0,
        0,
        0,
        null,
        0,
        null,
        0,
        null,
        null,
        1,
        0,
        null,
        null,
        1,
        0,
        null,
        null,
        1,
        0,
        0,
        null,
        null,
        1,
        0,
        0,
        null,
        null,
        1,
        0,
        0,
        0,
        0,
        0,
        0,
        null,
        null,
        0,
        0,
        null,
        0,
        null,
        0,
        null,
        null,
        1,
        0,
        null,
        null,
        1,
        0,
        null,
        null
      ],
      "/Users/joezhou/one_maths/app/helpers/application_helper.rb": [
        1,
        null
      ],
      "/Users/joezhou/one_maths/app/helpers/choices_helper.rb": [
        1,
        null
      ],
      "/Users/joezhou/one_maths/app/helpers/courses_helper.rb": [
        1,
        null
      ],
      "/Users/joezhou/one_maths/app/helpers/images_helper.rb": [
        1,
        null
      ],
      "/Users/joezhou/one_maths/app/helpers/lessons_helper.rb": [
        1,
        null
      ],
      "/Users/joezhou/one_maths/app/helpers/pages_helper.rb": [
        1,
        null
      ],
      "/Users/joezhou/one_maths/app/helpers/questions_helper.rb": [
        1,
        1,
        null,
        156,
        160,
        null,
        null,
        1,
        36,
        36,
        20,
        40,
        null,
        null,
        16,
        null,
        36,
        null,
        null,
        1,
        36,
        36,
        16,
        null,
        20,
        20,
        40,
        null,
        20,
        20,
        null,
        null,
        40,
        40,
        40,
        null,
        null,
        36,
        null,
        null,
        1,
        36,
        76,
        36,
        null,
        null,
        null,
        1,
        null,
        19,
        null,
        null,
        1,
        null,
        36,
        null,
        null,
        1,
        55,
        42,
        42,
        null,
        null,
        null,
        1,
        36,
        28,
        28,
        null,
        8,
        null,
        36,
        null,
        null,
        1,
        36,
        null,
        null,
        1,
        null,
        null,
        null,
        null,
        null,
        null,
        null,
        null,
        null,
        null,
        36,
        null,
        null,
        1,
        36,
        36,
        36,
        20,
        60,
        null,
        20,
        20,
        40,
        40,
        40,
        30,
        null,
        10,
        10,
        10,
        15,
        0,
        0,
        10,
        10,
        null,
        null,
        null,
        36,
        null,
        null,
        1,
        55,
        4,
        4,
        null,
        null,
        null,
        null
      ],
      "/Users/joezhou/one_maths/app/helpers/topics_helper.rb": [
        1,
        null
      ],
      "/Users/joezhou/one_maths/app/helpers/units_helper.rb": [
        1,
        null
      ],
      "/Users/joezhou/one_maths/spec/support/database_cleaner.rb": [
        null,
        1,
        null,
        1,
        1,
        null,
        null,
        1,
        18,
        null,
        null,
        1,
        18,
        null,
        null,
        1,
        18,
        null,
        null,
        1,
        18,
        0,
        null,
        null,
        null,
        1,
        1,
        null,
        null,
        null,
        null,
        null,
        null,
        null,
        null,
        null,
        null,
        null,
        null,
        null,
        null,
        null,
        null,
        null,
        null,
        null,
        null,
        null,
        null,
        null,
        null,
        null,
        null,
        null,
        null
      ],
      "/Users/joezhou/one_maths/spec/support/wait_for_ajax.rb": [
        1,
        1,
        null,
        71,
        71,
        null,
        null,
        null,
        1,
        2037,
        null,
        null,
        null,
        1,
        1,
        null
      ],
      "/Users/joezhou/one_maths/spec/general_helpers.rb": [
        1,
        18,
        18,
        18,
        18,
        18,
        null,
        null,
        1,
        18,
        null,
        18,
        18,
        null,
        null,
        1,
        18,
        null,
        18,
        18,
        null,
        null,
        1,
        18,
        null,
        null,
        1,
        18,
        null,
        null,
        1,
        18,
        null,
        null,
        1,
        18,
        null,
        null,
        null,
        1,
        126,
        null,
        null,
        null,
        1,
        36,
        null,
        null,
        null,
        1,
        0,
        null,
        null,
        null,
        1,
        144,
        null,
        null,
        null,
        1,
        108,
        null,
        null,
        null,
        1,
        0,
        null,
        null,
        null,
        1,
        36,
        72,
        null,
        null,
        null,
        1,
        0,
        null,
        null,
        1,
        0,
        null
      ],
      "/Users/joezhou/one_maths/app/models/course.rb": [
        1,
        1,
        null
      ],
      "/Users/joezhou/one_maths/app/models/unit.rb": [
        1,
        1,
        1,
        null
      ],
      "/Users/joezhou/one_maths/app/models/topic.rb": [
        1,
        1,
        1,
        1,
        null,
        1,
        null,
        1,
        1,
        null,
        1,
        216,
        216,
        null,
        216,
        null,
        null,
        1,
        18,
        18,
        484,
        null,
        18,
        null,
        null,
        null
      ],
      "/Users/joezhou/one_maths/app/models/lesson.rb": [
        1,
        1,
        1,
        null,
        1,
        null,
        1,
        1,
        null,
        1,
        159,
        null,
        null,
        1,
        136,
        null,
        null,
        1,
        78,
        null,
        90,
        50,
        null,
        78,
        null,
        null,
        1,
        20,
        3,
        null,
        20,
        20,
        3,
        null,
        null,
        20,
        20,
        10,
        10,
        null,
        10,
        7,
        null,
        null,
        3,
        0,
        null,
        null,
        3,
        3,
        null,
        null,
        null,
        10,
        null,
        null,
        null,
        1,
        20,
        19,
        0,
        0,
        0,
        null,
        0,
        null,
        null,
        19,
        null,
        null,
        null,
        1,
        19,
        null,
        null,
        1,
        20,
        20,
        20,
        20,
        null,
        null,
        1,
        20,
        50,
        20,
        20,
        null,
        null,
        null,
        null,
        1,
        null,
        0,
        null,
        null,
        1,
        0,
        null,
        null,
        null,
        null
      ],
      "/Users/joezhou/one_maths/app/models/question.rb": [
        1,
        null,
        1,
        null,
        1,
        null,
        1,
        1,
        1,
        1,
        1,
        1,
        null,
        null,
        null,
        1,
        0,
        0,
        0,
        0,
        null,
        0,
        0,
        0,
        null,
        0,
        null,
        null,
        null
      ],
      "/Users/joezhou/one_maths/app/models/choice.rb": [
        1,
        null,
        1,
        1,
        null,
        null
      ],
      "/Users/joezhou/one_maths/app/models/answer.rb": [
        1,
        1,
        null
      ],
      "/Users/joezhou/one_maths/app/controllers/courses_controller.rb": [
        1,
        null,
        1,
        null,
        36,
        null,
        null,
        1,
        0,
        0,
        0,
        0,
        null,
        null,
        null,
        1,
        0,
        0,
        null,
        null,
        1,
        0,
        null,
        null,
        1,
        0,
        0,
        0,
        0,
        null,
        null,
        null,
        1,
        0,
        0,
        0,
        null,
        null,
        1,
        0,
        0,
        0,
        0,
        null,
        0,
        null,
        0,
        null,
        null,
        1,
        0,
        null,
        null
      ],
      "/Users/joezhou/one_maths/app/controllers/application_controller.rb": [
        1,
        1,
        null
      ],
      "/Users/joezhou/one_maths/app/models/ability.rb": [
        1,
        1,
        null,
        1,
        null,
        null,
        54,
        54,
        0,
        54,
        0,
        54,
        null,
        null,
        null,
        null,
        null,
        null,
        null,
        null,
        null,
        null,
        null,
        null,
        null,
        null,
        null,
        null,
        null,
        null,
        null,
        null,
        null,
        null
      ],
      "/Users/joezhou/one_maths/app/controllers/units_controller.rb": [
        1,
        null,
        1,
        null,
        1,
        0,
        0,
        null,
        null,
        1,
        0,
        0,
        0,
        null,
        0,
        0,
        null,
        null,
        null,
        1,
        0,
        0,
        0,
        null,
        0,
        null,
        null,
        1,
        18,
        null,
        null,
        1,
        0,
        0,
        0,
        0,
        null,
        null,
        null,
        1,
        0,
        0,
        0,
        0,
        null,
        null,
        1,
        0,
        0,
        0,
        0,
        null,
        0,
        null,
        0,
        null,
        null,
        1,
        0,
        null,
        null
      ],
      "/Users/joezhou/one_maths/app/models/student_topic_exp.rb": [
        1,
        1,
        1,
        null,
        1,
        0,
        0,
        null,
        null,
        1,
        233,
        233,
        233,
        null,
        null,
        1,
        17,
        17,
        8,
        null,
        9,
        null,
        null,
        null,
        1,
        216,
        216,
        null,
        108,
        null,
        108,
        108,
        108,
        108,
        0,
        0,
        0,
        null,
        null,
        108,
        null,
        null,
        null,
        1,
        72,
        null,
        null,
        1,
        72,
        null,
        null,
        1,
        72,
        null,
        null,
        null
      ],
      "/Users/joezhou/one_maths/app/models/student_lesson_exp.rb": [
        1,
        1,
        1,
        null,
        1,
        54,
        54,
        54,
        null,
        null,
        1,
        73,
        73,
        73,
        null,
        null,
        1,
        19,
        19,
        10,
        null,
        9,
        null,
        null,
        null
      ],
      "/Users/joezhou/one_maths/app/models/current_question.rb": [
        1,
        1,
        1,
        1,
        null
      ],
      "/Users/joezhou/one_maths/app/models/answered_question.rb": [
        1,
        1,
        1,
        1,
        1,
        null
      ],
      "/Users/joezhou/one_maths/app/controllers/questions_controller.rb": [
        1,
        1,
        null,
        1,
        0,
        0,
        0,
        null,
        0,
        null,
        0,
        null,
        null,
        1,
        0,
        0,
        null,
        0,
        null,
        0,
        null,
        0,
        0,
        null,
        0,
        null,
        null,
        null,
        0,
        0,
        null,
        0,
        null,
        null,
        null,
        1,
        0,
        0,
        0,
        null,
        0,
        null,
        null,
        null,
        0,
        0,
        null,
        null,
        null,
        1,
        0,
        0,
        0,
        0,
        0,
        null,
        0,
        null,
        null,
        null,
        null,
        1,
        null,
        null,
        1,
        0,
        0,
        0,
        0,
        0,
        null,
        null,
        null,
        1,
        0,
        0,
        0,
        null,
        0,
        null,
        0,
        0,
        null,
        null,
        null,
        1,
        0,
        0,
        0,
        null,
        null,
        0,
        null,
        0,
        0,
        null,
        null,
        null,
        1,
        36,
        36,
        36,
        null,
        36,
        36,
        null,
        36,
        null,
        36,
        null,
        19,
        19,
        19,
        19,
        19,
        19,
        null,
        19,
        19,
        null,
        19,
        null,
        null,
        17,
        17,
        17,
        17,
        17,
        17,
        null,
        null,
        36,
        null,
        36,
        0,
        null,
        36,
        null,
        null,
        36,
        null,
        null,
        1,
        0,
        null,
        null,
        1,
        0,
        null,
        null
      ],
      "/Users/joezhou/one_maths/app/models/image.rb": [
        1,
        1,
        1,
        null,
        null,
        1,
        null
      ],
      "/Users/joezhou/one_maths/app/controllers/lessons_controller.rb": [
        1,
        null,
        1,
        0,
        0,
        0,
        null,
        0,
        0,
        null,
        null,
        null,
        1,
        0,
        0,
        0,
        null,
        null,
        1,
        0,
        null,
        null,
        1,
        0,
        0,
        0,
        0,
        null,
        null,
        null,
        1,
        0,
        0,
        0,
        null,
        null,
        1,
        0,
        0,
        0,
        0,
        null,
        0,
        null,
        0,
        null,
        null,
        1,
        0,
        0,
        0,
        0,
        0,
        0,
        0,
        0,
        0,
        null,
        0,
        0,
        0,
        null,
        null,
        null,
        1,
        0,
        0,
        0,
        0,
        null,
        0,
        null,
        0,
        null,
        null,
        1,
        10,
        10,
        null,
        10,
        1,
        1,
        1,
        1,
        1,
        null,
        9,
        9,
        null,
        9,
        0,
        0,
        0,
        null,
        null,
        null,
        9,
        9,
        null,
        null,
        10,
        null,
        null,
        null,
        null,
        null,
        10,
        null,
        null,
        1,
        0,
        0,
        0,
        0,
        null,
        null,
        1,
        0,
        null,
        null,
        null,
        null,
        null,
        null,
        null,
        null,
        null,
        null,
        null,
        null,
        null,
        null,
        null,
        null,
        null
      ],
      "/Users/joezhou/one_maths/app/models/current_topic_question.rb": [
        1,
        1,
        1,
        1,
        null
      ],
      "/Users/joezhou/one_maths/app/controllers/topics_controller.rb": [
        1,
        null,
        1,
        0,
        0,
        0,
        null,
        0,
        0,
        null,
        null,
        null,
        1,
        0,
        0,
        0,
        null,
        null,
        1,
        0,
        0,
        0,
        0,
        0,
        null,
        null,
        null,
        1,
        0,
        0,
        0,
        null,
        null,
        1,
        0,
        0,
        0,
        0,
        null,
        0,
        null,
        0,
        null,
        null,
        1,
        0,
        0,
        0,
        0,
        0,
        null,
        null,
        null,
        1,
        0,
        0,
        0,
        0,
        null,
        0,
        null,
        0,
        null,
        null,
        1,
        10,
        10,
        null,
        10,
        1,
        1,
        1,
        1,
        null,
        9,
        9,
        9,
        9,
        null,
        10,
        null,
        null,
        null,
        null,
        null,
        null,
        1,
        0,
        null,
        null
      ]
    },
    "timestamp": 1476135402
  }
}
